#
# There is insufficient memory for the Java Runtime Environment to continue.
# Native memory allocation (malloc) failed to allocate 2391104 bytes for Chunk::new
# Possible reasons:
#   The system is out of physical RAM or swap space
#   The process is running with CompressedOops enabled, and the Java Heap may be blocking the growth of the native heap
# Possible solutions:
#   Reduce memory load on the system
#   Increase physical memory or swap space
#   Check if swap backing store is full
#   Decrease Java heap size (-Xmx/-Xms)
#   Decrease number of Java threads
#   Decrease Java thread stack sizes (-Xss)
#   Set larger code cache with -XX:ReservedCodeCacheSize=
#   JVM is running with Zero Based Compressed Oops mode in which the Java heap is
#     placed in the first 32GB address space. The Java Heap base address is the
#     maximum limit for the native heap growth. Please use -XX:HeapBaseMinAddress
#     to set the Java Heap base and to place the Java Heap above 32GB virtual address.
# This output file may be truncated or incomplete.
#
#  Out of Memory Error (allocation.cpp:389), pid=25336, tid=0x0000000000006a98
#
# JRE version: Java(TM) SE Runtime Environment (8.0_281-b09) (build 1.8.0_281-b09)
# Java VM: Java HotSpot(TM) 64-Bit Server VM (25.281-b09 mixed mode windows-amd64 compressed oops)
# Failed to write core dump. Minidumps are not enabled by default on client versions of Windows
#

---------------  T H R E A D  ---------------

Current thread (0x000001f5200ad000):  JavaThread "C2 CompilerThread2" daemon [_thread_in_native, id=27288, stack(0x000000f1e9e00000,0x000000f1e9f00000)]

Stack: [0x000000f1e9e00000,0x000000f1e9f00000]
Native frames: (J=compiled Java code, j=interpreted, Vv=VM code, C=native code)
V  [jvm.dll+0x32e5b9]
V  [jvm.dll+0x275012]
V  [jvm.dll+0x275cbd]
V  [jvm.dll+0x26c6f5]
V  [jvm.dll+0xd51fc]
V  [jvm.dll+0xd59fc]
V  [jvm.dll+0x46f915]
V  [jvm.dll+0x437598]
V  [jvm.dll+0x4403d5]
V  [jvm.dll+0x43f795]
V  [jvm.dll+0x42a5e7]
V  [jvm.dll+0xabe9b]
V  [jvm.dll+0xaa4fb]
V  [jvm.dll+0x23d6b2]
V  [jvm.dll+0x291cbc]
C  [ucrtbase.dll+0x21bb2]
C  [KERNEL32.DLL+0x17034]
C  [ntdll.dll+0x52651]


Current CompileTask:
C2:  14375 5540       4       com.sun.beans.TypeResolver::resolve (37 bytes)


---------------  P R O C E S S  ---------------

Java Threads: ( => current thread )
  0x000001f51fee0800 JavaThread "elasticsearch[Toxin][generic][T#2]" daemon [_thread_blocked, id=29260, stack(0x000000f1eb900000,0x000000f1eba00000)]
  0x000001f51fee0000 JavaThread "elasticsearch[Toxin][generic][T#1]" daemon [_thread_blocked, id=18992, stack(0x000000f1eb800000,0x000000f1eb900000)]
  0x000001f51fedd000 JavaThread "elasticsearch[Toxin][management][T#1]" daemon [_thread_blocked, id=31012, stack(0x000000f1eb700000,0x000000f1eb800000)]
  0x000001f51f9cb000 JavaThread "elasticsearch[Toxin][clusterService#updateTask][T#1]" daemon [_thread_blocked, id=28480, stack(0x000000f1eb600000,0x000000f1eb700000)]
  0x000001f5224f2800 JavaThread "elasticsearch[Toxin][[ttl_expire]]" daemon [_thread_blocked, id=25788, stack(0x000000f1eb500000,0x000000f1eb600000)]
  0x000001f5224f2000 JavaThread "elasticsearch[Toxin][scheduler][T#1]" daemon [_thread_blocked, id=17912, stack(0x000000f1eb400000,0x000000f1eb500000)]
  0x000001f5224f1000 JavaThread "elasticsearch[Toxin][[timer]]" daemon [_thread_blocked, id=28200, stack(0x000000f1eb300000,0x000000f1eb400000)]
  0x000001f5224f4000 JavaThread "DubboClientReconnectTimer-thread-2" daemon [_thread_blocked, id=25052, stack(0x000000f1eb200000,0x000000f1eb300000)]
  0x000001f5224ec800 JavaThread "dubbo-remoting-client-heartbeat-thread-1" daemon [_thread_blocked, id=6244, stack(0x000000f1eb100000,0x000000f1eb200000)]
  0x000001f5224ea800 JavaThread "DubboClientHandler-2.0.0.1:53648-thread-1" daemon [_thread_blocked, id=25204, stack(0x000000f1eb000000,0x000000f1eb100000)]
  0x000001f5224e6000 JavaThread "New I/O client worker #1-1" daemon [_thread_in_native, id=13736, stack(0x000000f1eaf00000,0x000000f1eb000000)]
  0x000001f5224e9800 JavaThread "NettyClientBoss-thread-1" daemon [_thread_blocked, id=22440, stack(0x000000f1eae00000,0x000000f1eaf00000)]
  0x000001f5224ec000 JavaThread "DubboClientReconnectTimer-thread-1" daemon [_thread_blocked, id=23940, stack(0x000000f1ead00000,0x000000f1eae00000)]
  0x000001f5224e9000 JavaThread "DubboSaveRegistryCache-thread-1" daemon [_thread_blocked, id=19268, stack(0x000000f1ea700000,0x000000f1ea800000)]
  0x000001f5224e8000 JavaThread "DubboFutureCallbackDefault-thread-1" daemon [_thread_blocked, id=29136, stack(0x000000f1eac00000,0x000000f1ead00000)]
  0x000001f5224e5000 JavaThread "DubboZkclientConnector-EventThread" daemon [_thread_blocked, id=28900, stack(0x000000f1eaa00000,0x000000f1eab00000)]
  0x000001f5224eb000 JavaThread "DubboZkclientConnector-SendThread(192.168.91.128:2181)" daemon [_thread_in_native, id=29400, stack(0x000000f1ea900000,0x000000f1eaa00000)]
  0x000001f5224e7800 JavaThread "ZkClient-EventThread-24-192.168.91.128:2181" daemon [_thread_blocked, id=12644, stack(0x000000f1ea800000,0x000000f1ea900000)]
  0x000001f51f9ca000 JavaThread "DubboRegistryFailedRetryTimer-thread-1" daemon [_thread_blocked, id=18904, stack(0x000000f1ea600000,0x000000f1ea700000)]
  0x000001f51f9c9800 JavaThread "container-0" [_thread_blocked, id=9032, stack(0x000000f1ea500000,0x000000f1ea600000)]
  0x000001f51f9cf800 JavaThread "ContainerBackgroundProcessor[StandardEngine[Tomcat]]" daemon [_thread_blocked, id=27468, stack(0x000000f1ea400000,0x000000f1ea500000)]
  0x000001f51f9cc800 JavaThread "localhost-startStop-1" daemon [_thread_blocked, id=30564, stack(0x000000f1ea300000,0x000000f1ea400000)]
  0x000001f51f9c8800 JavaThread "Tomcat-startStop-1" daemon [_thread_blocked, id=30728, stack(0x000000f1ea200000,0x000000f1ea300000)]
  0x000001f52014f800 JavaThread "Service Thread" daemon [_thread_blocked, id=21664, stack(0x000000f1ea000000,0x000000f1ea100000)]
  0x000001f5200b0000 JavaThread "C1 CompilerThread3" daemon [_thread_blocked, id=28340, stack(0x000000f1e9f00000,0x000000f1ea000000)]
=>0x000001f5200ad000 JavaThread "C2 CompilerThread2" daemon [_thread_in_native, id=27288, stack(0x000000f1e9e00000,0x000000f1e9f00000)]
  0x000001f5200a2000 JavaThread "C2 CompilerThread1" daemon [_thread_in_native, id=26028, stack(0x000000f1e9d00000,0x000000f1e9e00000)]
  0x000001f52009f000 JavaThread "C2 CompilerThread0" daemon [_thread_in_native, id=23920, stack(0x000000f1e9c00000,0x000000f1e9d00000)]
  0x000001f51f9cd000 JavaThread "JDWP Command Reader" daemon [_thread_in_native, id=30416, stack(0x000000f1e9b00000,0x000000f1e9c00000)]
  0x000001f51f9c6000 JavaThread "JDWP Event Helper Thread" daemon [_thread_blocked, id=27896, stack(0x000000f1e9a00000,0x000000f1e9b00000)]
  0x000001f51f9b4000 JavaThread "JDWP Transport Listener: dt_socket" daemon [_thread_blocked, id=23228, stack(0x000000f1e9900000,0x000000f1e9a00000)]
  0x000001f51dce6000 JavaThread "Attach Listener" daemon [_thread_blocked, id=10592, stack(0x000000f1e9800000,0x000000f1e9900000)]
  0x000001f51dc91800 JavaThread "Signal Dispatcher" daemon [_thread_blocked, id=21420, stack(0x000000f1e9700000,0x000000f1e9800000)]
  0x000001f51dc62000 JavaThread "Finalizer" daemon [_thread_blocked, id=16092, stack(0x000000f1e9600000,0x000000f1e9700000)]
  0x000001f51dc5a000 JavaThread "Reference Handler" daemon [_thread_blocked, id=5680, stack(0x000000f1e9500000,0x000000f1e9600000)]
  0x000001f503036000 JavaThread "main" [_thread_in_native, id=22500, stack(0x000000f1e8b00000,0x000000f1e8c00000)]

Other Threads:
  0x000001f51daee800 VMThread [stack: 0x000000f1e9400000,0x000000f1e9500000] [id=6824]
  0x000001f52020e000 WatcherThread [stack: 0x000000f1ea100000,0x000000f1ea200000] [id=12616]

VM state:not at safepoint (normal execution)

VM Mutex/Monitor currently owned by a thread: None

heap address: 0x00000006c2800000, size: 4056 MB, Compressed Oops mode: Zero based, Oop shift amount: 3
Narrow klass base: 0x0000000000000000, Narrow klass shift: 3
Compressed class space size: 1073741824 Address: 0x00000007c0000000

Heap:
 PSYoungGen      total 528896K, used 109715K [0x000000076b800000, 0x0000000794c00000, 0x00000007c0000000)
  eden space 508416K, 21% used [0x000000076b800000,0x0000000772324e40,0x000000078a880000)
  from space 20480K, 0% used [0x000000078a880000,0x000000078a880000,0x000000078bc80000)
  to   space 19968K, 0% used [0x0000000793880000,0x0000000793880000,0x0000000794c00000)
 ParOldGen       total 243200K, used 39567K [0x00000006c2800000, 0x00000006d1580000, 0x000000076b800000)
  object space 243200K, 16% used [0x00000006c2800000,0x00000006c4ea3e10,0x00000006d1580000)
 Metaspace       used 63125K, capacity 63618K, committed 64088K, reserved 1105920K
  class space    used 7877K, capacity 8011K, committed 8064K, reserved 1048576K

Card table byte_map: [0x000001f513e00000,0x000001f5145f0000] byte_map_base: 0x000001f5107ec000

Marking Bits: (ParMarkBitMap*) 0x0000000068c46ff0
 Begin Bits: [0x000001f514b40000, 0x000001f518aa0000)
 End Bits:   [0x000001f518aa0000, 0x000001f51ca00000)

Polling page: 0x000001f503190000

CodeCache: size=245760Kb used=21097Kb max_used=21097Kb free=224662Kb
 bounds [0x000001f504a40000, 0x000001f505ef0000, 0x000001f513a40000]
 total_blobs=5702 nmethods=4899 adapters=722
 compilation: enabled

Compilation events (10 events):
Event: 14.331 Thread 0x000001f5200b0000 5658       3       java.io.ByteArrayOutputStream::<init> (43 bytes)
Event: 14.332 Thread 0x000001f5200b0000 nmethod 5658 0x000001f505ee94d0 code [0x000001f505ee96c0, 0x000001f505eea060]
Event: 14.333 Thread 0x000001f5200b0000 5659       3       java.util.Arrays::equals (54 bytes)
Event: 14.334 Thread 0x000001f5200b0000 nmethod 5659 0x000001f505eea4d0 code [0x000001f505eea640, 0x000001f505eea9b8]
Event: 14.336 Thread 0x000001f5200b0000 5660       3       java.util.Arrays::hashCode (44 bytes)
Event: 14.337 Thread 0x000001f5200b0000 nmethod 5660 0x000001f505eeab10 code [0x000001f505eeac80, 0x000001f505eeaed8]
Event: 14.338 Thread 0x000001f5200b0000 5661  s    3       java.lang.StringBuffer::append (13 bytes)
Event: 14.338 Thread 0x000001f5200b0000 nmethod 5661 0x000001f505eeafd0 code [0x000001f505eeb140, 0x000001f505eeb470]
Event: 14.339 Thread 0x000001f5200b0000 5662       3       java.io.InputStream::read (9 bytes)
Event: 14.340 Thread 0x000001f5200b0000 nmethod 5662 0x000001f505eeb550 code [0x000001f505eeb6c0, 0x000001f505eeb910]

GC Heap History (10 events):
Event: 6.570 GC heap before
{Heap before GC invocations=10 (full 1):
 PSYoungGen      total 404992K, used 110427K [0x000000076b800000, 0x000000078c500000, 0x00000007c0000000)
  eden space 395776K, 25% used [0x000000076b800000,0x0000000771ada898,0x0000000783a80000)
  from space 9216K, 99% used [0x000000078bc00000,0x000000078c4fc570,0x000000078c500000)
  to   space 12288K, 0% used [0x000000078ad00000,0x000000078ad00000,0x000000078b900000)
 ParOldGen       total 103424K, used 13831K [0x00000006c2800000, 0x00000006c8d00000, 0x000000076b800000)
  object space 103424K, 13% used [0x00000006c2800000,0x00000006c3581de0,0x00000006c8d00000)
 Metaspace       used 34895K, capacity 35202K, committed 35416K, reserved 1081344K
  class space    used 4128K, capacity 4222K, committed 4224K, reserved 1048576K
Event: 6.577 GC heap after
Heap after GC invocations=10 (full 1):
 PSYoungGen      total 525312K, used 12284K [0x000000076b800000, 0x000000078ca80000, 0x00000007c0000000)
  eden space 513024K, 0% used [0x000000076b800000,0x000000076b800000,0x000000078ad00000)
  from space 12288K, 99% used [0x000000078ad00000,0x000000078b8ff328,0x000000078b900000)
  to   space 14336K, 0% used [0x000000078bc80000,0x000000078bc80000,0x000000078ca80000)
 ParOldGen       total 103424K, used 15070K [0x00000006c2800000, 0x00000006c8d00000, 0x000000076b800000)
  object space 103424K, 14% used [0x00000006c2800000,0x00000006c36b7a90,0x00000006c8d00000)
 Metaspace       used 34895K, capacity 35202K, committed 35416K, reserved 1081344K
  class space    used 4128K, capacity 4222K, committed 4224K, reserved 1048576K
}
Event: 6.577 GC heap before
{Heap before GC invocations=11 (full 2):
 PSYoungGen      total 525312K, used 12284K [0x000000076b800000, 0x000000078ca80000, 0x00000007c0000000)
  eden space 513024K, 0% used [0x000000076b800000,0x000000076b800000,0x000000078ad00000)
  from space 12288K, 99% used [0x000000078ad00000,0x000000078b8ff328,0x000000078b900000)
  to   space 14336K, 0% used [0x000000078bc80000,0x000000078bc80000,0x000000078ca80000)
 ParOldGen       total 103424K, used 15070K [0x00000006c2800000, 0x00000006c8d00000, 0x000000076b800000)
  object space 103424K, 14% used [0x00000006c2800000,0x00000006c36b7a90,0x00000006c8d00000)
 Metaspace       used 34895K, capacity 35202K, committed 35416K, reserved 1081344K
  class space    used 4128K, capacity 4222K, committed 4224K, reserved 1048576K
Event: 6.617 GC heap after
Heap after GC invocations=11 (full 2):
 PSYoungGen      total 525312K, used 0K [0x000000076b800000, 0x000000078ca80000, 0x00000007c0000000)
  eden space 513024K, 0% used [0x000000076b800000,0x000000076b800000,0x000000078ad00000)
  from space 12288K, 0% used [0x000000078ad00000,0x000000078ad00000,0x000000078b900000)
  to   space 14336K, 0% used [0x000000078bc80000,0x000000078bc80000,0x000000078ca80000)
 ParOldGen       total 163840K, used 20689K [0x00000006c2800000, 0x00000006cc800000, 0x000000076b800000)
  object space 163840K, 12% used [0x00000006c2800000,0x00000006c3c347f8,0x00000006cc800000)
 Metaspace       used 34895K, capacity 35202K, committed 35416K, reserved 1081344K
  class space    used 4128K, capacity 4222K, committed 4224K, reserved 1048576K
}
Event: 10.330 GC heap before
{Heap before GC invocations=12 (full 2):
 PSYoungGen      total 525312K, used 513024K [0x000000076b800000, 0x000000078ca80000, 0x00000007c0000000)
  eden space 513024K, 100% used [0x000000076b800000,0x000000078ad00000,0x000000078ad00000)
  from space 12288K, 0% used [0x000000078ad00000,0x000000078ad00000,0x000000078b900000)
  to   space 14336K, 0% used [0x000000078bc80000,0x000000078bc80000,0x000000078ca80000)
 ParOldGen       total 163840K, used 20689K [0x00000006c2800000, 0x00000006cc800000, 0x000000076b800000)
  object space 163840K, 12% used [0x00000006c2800000,0x00000006c3c347f8,0x00000006cc800000)
 Metaspace       used 50735K, capacity 51188K, committed 51672K, reserved 1095680K
  class space    used 6213K, capacity 6343K, committed 6400K, reserved 1048576K
Event: 10.346 GC heap after
Heap after GC invocations=12 (full 2):
 PSYoungGen      total 522752K, used 14313K [0x000000076b800000, 0x0000000795d00000, 0x00000007c0000000)
  eden space 508416K, 0% used [0x000000076b800000,0x000000076b800000,0x000000078a880000)
  from space 14336K, 99% used [0x000000078bc80000,0x000000078ca7a6b0,0x000000078ca80000)
  to   space 20480K, 0% used [0x000000078a880000,0x000000078a880000,0x000000078bc80000)
 ParOldGen       total 163840K, used 33390K [0x00000006c2800000, 0x00000006cc800000, 0x000000076b800000)
  object space 163840K, 20% used [0x00000006c2800000,0x00000006c489b920,0x00000006cc800000)
 Metaspace       used 50735K, capacity 51188K, committed 51672K, reserved 1095680K
  class space    used 6213K, capacity 6343K, committed 6400K, reserved 1048576K
}
Event: 12.058 GC heap before
{Heap before GC invocations=13 (full 2):
 PSYoungGen      total 522752K, used 190628K [0x000000076b800000, 0x0000000795d00000, 0x00000007c0000000)
  eden space 508416K, 34% used [0x000000076b800000,0x000000077642eae0,0x000000078a880000)
  from space 14336K, 99% used [0x000000078bc80000,0x000000078ca7a6b0,0x000000078ca80000)
  to   space 20480K, 0% used [0x000000078a880000,0x000000078a880000,0x000000078bc80000)
 ParOldGen       total 163840K, used 33390K [0x00000006c2800000, 0x00000006cc800000, 0x000000076b800000)
  object space 163840K, 20% used [0x00000006c2800000,0x00000006c489b920,0x00000006cc800000)
 Metaspace       used 58167K, capacity 58592K, committed 59028K, reserved 1101824K
  class space    used 7224K, capacity 7337K, committed 7424K, reserved 1048576K
Event: 12.068 GC heap after
Heap after GC invocations=13 (full 2):
 PSYoungGen      total 528896K, used 11894K [0x000000076b800000, 0x0000000794c00000, 0x00000007c0000000)
  eden space 508416K, 0% used [0x000000076b800000,0x000000076b800000,0x000000078a880000)
  from space 20480K, 58% used [0x000000078a880000,0x000000078b41db78,0x000000078bc80000)
  to   space 19968K, 0% used [0x0000000793880000,0x0000000793880000,0x0000000794c00000)
 ParOldGen       total 163840K, used 44503K [0x00000006c2800000, 0x00000006cc800000, 0x000000076b800000)
  object space 163840K, 27% used [0x00000006c2800000,0x00000006c5375e28,0x00000006cc800000)
 Metaspace       used 58167K, capacity 58592K, committed 59028K, reserved 1101824K
  class space    used 7224K, capacity 7337K, committed 7424K, reserved 1048576K
}
Event: 12.068 GC heap before
{Heap before GC invocations=14 (full 3):
 PSYoungGen      total 528896K, used 11894K [0x000000076b800000, 0x0000000794c00000, 0x00000007c0000000)
  eden space 508416K, 0% used [0x000000076b800000,0x000000076b800000,0x000000078a880000)
  from space 20480K, 58% used [0x000000078a880000,0x000000078b41db78,0x000000078bc80000)
  to   space 19968K, 0% used [0x0000000793880000,0x0000000793880000,0x0000000794c00000)
 ParOldGen       total 163840K, used 44503K [0x00000006c2800000, 0x00000006cc800000, 0x000000076b800000)
  object space 163840K, 27% used [0x00000006c2800000,0x00000006c5375e28,0x00000006cc800000)
 Metaspace       used 58167K, capacity 58592K, committed 59028K, reserved 1101824K
  class space    used 7224K, capacity 7337K, committed 7424K, reserved 1048576K
Event: 12.212 GC heap after
Heap after GC invocations=14 (full 3):
 PSYoungGen      total 528896K, used 0K [0x000000076b800000, 0x0000000794c00000, 0x00000007c0000000)
  eden space 508416K, 0% used [0x000000076b800000,0x000000076b800000,0x000000078a880000)
  from space 20480K, 0% used [0x000000078a880000,0x000000078a880000,0x000000078bc80000)
  to   space 19968K, 0% used [0x0000000793880000,0x0000000793880000,0x0000000794c00000)
 ParOldGen       total 243200K, used 39567K [0x00000006c2800000, 0x00000006d1580000, 0x000000076b800000)
  object space 243200K, 16% used [0x00000006c2800000,0x00000006c4ea3e10,0x00000006d1580000)
 Metaspace       used 58167K, capacity 58592K, committed 59028K, reserved 1101824K
  class space    used 7224K, capacity 7337K, committed 7424K, reserved 1048576K
}

Deoptimization events (10 events):
Event: 14.296 Thread 0x000001f503036000 Uncommon trap: reason=unstable_if action=reinterpret pc=0x000001f505cb0f40 method=java.security.CodeSource.<init>(Ljava/net/URL;[Ljava/security/CodeSigner;)V @ 25
Event: 14.297 Thread 0x000001f503036000 Uncommon trap: reason=unstable_if action=reinterpret pc=0x000001f505cb69ec method=java.security.CodeSource.getCertificates()[Ljava/security/cert/Certificate; @ 22
Event: 14.297 Thread 0x000001f503036000 Uncommon trap: reason=unstable_if action=reinterpret pc=0x000001f505d1cdf4 method=java.security.CodeSource.getCertificates()[Ljava/security/cert/Certificate; @ 4
Event: 14.297 Thread 0x000001f503036000 Uncommon trap: reason=null_assert action=make_not_entrant pc=0x000001f504f4a040 method=java.util.jar.JarFile.maybeInstantiateVerifier()V @ 4
Event: 14.298 Thread 0x000001f503036000 Uncommon trap: reason=unstable_if action=reinterpret pc=0x000001f505ccd720 method=java.security.CodeSource.matchCerts(Ljava/security/CodeSource;Z)Z @ 11
Event: 14.298 Thread 0x000001f503036000 Uncommon trap: reason=unstable_if action=reinterpret pc=0x000001f5057473ac method=java.security.CodeSource.getCertificates()[Ljava/security/cert/Certificate; @ 4
Event: 14.322 Thread 0x000001f503036000 Uncommon trap: reason=class_check action=maybe_recompile pc=0x000001f50578852c method=java.util.AbstractList$Itr.hasNext()Z @ 8
Event: 14.322 Thread 0x000001f503036000 Uncommon trap: reason=class_check action=maybe_recompile pc=0x000001f5057daab8 method=java.util.AbstractList$Itr.next()Ljava/lang/Object; @ 14
Event: 14.336 Thread 0x000001f503036000 Uncommon trap: reason=unstable_if action=reinterpret pc=0x000001f5051f08a0 method=java.util.logging.Logger.getEffectiveLoggerBundle()Ljava/util/logging/Logger$LoggerBundle; @ 9
Event: 14.336 Thread 0x000001f503036000 Uncommon trap: reason=unstable_if action=reinterpret pc=0x000001f5051982e8 method=org.slf4j.bridge.SLF4JBridgeHandler.getMessageI18N(Ljava/util/logging/LogRecord;)Ljava/lang/String; @ 39

Classes redefined (0 events):
No events

Internal exceptions (10 events):
Event: 14.203 Thread 0x000001f503036000 Exception <a 'java/lang/ClassNotFoundException': java/lang/ObjectCustomizer> (0x00000007713ae718) thrown at [C:\jenkins\workspace\8-2-build-windows-amd64-cygwin\jdk8u281\880\hotspot\src\share\vm\classfile\systemDictionary.cpp, line 212]
Event: 14.204 Thread 0x000001f503036000 Exception <a 'java/lang/ClassNotFoundException': org/springframework/boot/autoconfigure/data/web/SpringDataWebAutoConfigurationCustomizer> (0x00000007713edf98) thrown at [C:\jenkins\workspace\8-2-build-windows-amd64-cygwin\jdk8u281\880\hotspot\src\share\v
Event: 14.205 Thread 0x000001f503036000 Exception <a 'java/lang/ClassNotFoundException': org/springframework/boot/autoconfigure/data/web/SpringDataWebAutoConfiguration$$EnhancerBySpringCGLIB$$bbc13d1eCustomizer> (0x000000077143b570) thrown at [C:\jenkins\workspace\8-2-build-windows-amd64-cygwin
Event: 14.206 Thread 0x000001f503036000 Exception <a 'java/lang/ClassNotFoundException': org/springframework/context/annotation/ConfigurationClassEnhancer$EnhancedConfigurationCustomizer> (0x00000007714810a8) thrown at [C:\jenkins\workspace\8-2-build-windows-amd64-cygwin\jdk8u281\880\hotspot\sr
Event: 14.209 Thread 0x000001f503036000 Exception <a 'java/lang/ClassNotFoundException': java/lang/ObjectCustomizer> (0x00000007714ed9d0) thrown at [C:\jenkins\workspace\8-2-build-windows-amd64-cygwin\jdk8u281\880\hotspot\src\share\vm\classfile\systemDictionary.cpp, line 212]
Event: 14.210 Thread 0x000001f503036000 Exception <a 'java/lang/ClassNotFoundException': org/springframework/boot/autoconfigure/elasticsearch/jest/JestPropertiesCustomizer> (0x00000007715293f8) thrown at [C:\jenkins\workspace\8-2-build-windows-amd64-cygwin\jdk8u281\880\hotspot\src\share\vm\clas
Event: 14.214 Thread 0x000001f503036000 Exception <a 'java/lang/ClassNotFoundException': java/lang/ObjectCustomizer> (0x00000007715caf68) thrown at [C:\jenkins\workspace\8-2-build-windows-amd64-cygwin\jdk8u281\880\hotspot\src\share\vm\classfile\systemDictionary.cpp, line 212]
Event: 14.215 Thread 0x000001f503036000 Exception <a 'java/lang/ClassNotFoundException': org/springframework/boot/autoconfigure/elasticsearch/jest/JestAutoConfigurationCustomizer> (0x000000077160aa18) thrown at [C:\jenkins\workspace\8-2-build-windows-amd64-cygwin\jdk8u281\880\hotspot\src\share\
Event: 14.216 Thread 0x000001f503036000 Exception <a 'java/lang/ClassNotFoundException': org/springframework/boot/autoconfigure/elasticsearch/jest/JestAutoConfiguration$$EnhancerBySpringCGLIB$$54fdcfd8Customizer> (0x0000000771658858) thrown at [C:\jenkins\workspace\8-2-build-windows-amd64-cygwi
Event: 14.217 Thread 0x000001f503036000 Exception <a 'java/lang/ClassNotFoundException': org/springframework/context/annotation/ConfigurationClassEnhancer$EnhancedConfigurationCustomizer> (0x000000077169f400) thrown at [C:\jenkins\workspace\8-2-build-windows-amd64-cygwin\jdk8u281\880\hotspot\sr

Events (10 events):
Event: 14.337 loading class java/text/MessageFormat$Field
Event: 14.337 loading class java/text/MessageFormat$Field done
Event: 14.338 loading class sun/security/validator/Validator
Event: 14.339 loading class sun/security/validator/Validator done
Event: 14.339 loading class sun/security/validator/SimpleValidator
Event: 14.339 loading class sun/security/validator/SimpleValidator done
Event: 14.339 loading class sun/security/validator/EndEntityChecker
Event: 14.339 loading class sun/security/validator/EndEntityChecker done
Event: 14.340 Thread 0x000001f503036000 DEOPT PACKING pc=0x000001f5057f8d2a sp=0x000000f1e8bf7fb0
Event: 14.340 Thread 0x000001f503036000 DEOPT UNPACKING pc=0x000001f504a87898 sp=0x000000f1e8bf7cc0 mode 0


Dynamic libraries:
0x00007ff73f1f0000 - 0x00007ff73f237000 	D:\Program Files\Java\jdk1.8.0_281\bin\java.exe
0x00007ffdd4270000 - 0x00007ffdd4465000 	C:\WINDOWS\SYSTEM32\ntdll.dll
0x00007ffdd3680000 - 0x00007ffdd373d000 	C:\WINDOWS\System32\KERNEL32.DLL
0x00007ffdd1bb0000 - 0x00007ffdd1e79000 	C:\WINDOWS\System32\KERNELBASE.dll
0x00007ffdd38e0000 - 0x00007ffdd398c000 	C:\WINDOWS\System32\ADVAPI32.dll
0x00007ffdd3e60000 - 0x00007ffdd3efe000 	C:\WINDOWS\System32\msvcrt.dll
0x00007ffdd2690000 - 0x00007ffdd272b000 	C:\WINDOWS\System32\sechost.dll
0x00007ffdd3a90000 - 0x00007ffdd3bba000 	C:\WINDOWS\System32\RPCRT4.dll
0x00007ffdd3740000 - 0x00007ffdd38e0000 	C:\WINDOWS\System32\USER32.dll
0x00007ffdd22a0000 - 0x00007ffdd22c2000 	C:\WINDOWS\System32\win32u.dll
0x00007ffdd3dd0000 - 0x00007ffdd3dfa000 	C:\WINDOWS\System32\GDI32.dll
0x00007ffdd19a0000 - 0x00007ffdd1aab000 	C:\WINDOWS\System32\gdi32full.dll
0x00007ffdd1ed0000 - 0x00007ffdd1f6d000 	C:\WINDOWS\System32\msvcp_win.dll
0x00007ffdd1ab0000 - 0x00007ffdd1bb0000 	C:\WINDOWS\System32\ucrtbase.dll
0x00007ffdb9f10000 - 0x00007ffdba1aa000 	C:\WINDOWS\WinSxS\amd64_microsoft.windows.common-controls_6595b64144ccf1df_6.0.19041.1110_none_60b5254171f9507e\COMCTL32.dll
0x00007ffdd27f0000 - 0x00007ffdd2820000 	C:\WINDOWS\System32\IMM32.DLL
0x00007ffdcd440000 - 0x00007ffdcd455000 	D:\Program Files\Java\jdk1.8.0_281\jre\bin\vcruntime140.dll
0x00007ffda41d0000 - 0x00007ffda426b000 	D:\Program Files\Java\jdk1.8.0_281\jre\bin\msvcp140.dll
0x0000000068460000 - 0x0000000068cbf000 	D:\Program Files\Java\jdk1.8.0_281\jre\bin\server\jvm.dll
0x00007ffdd2f30000 - 0x00007ffdd2f38000 	C:\WINDOWS\System32\PSAPI.DLL
0x00007ffdb5910000 - 0x00007ffdb5919000 	C:\WINDOWS\SYSTEM32\WSOCK32.dll
0x00007ffdd1520000 - 0x00007ffdd152a000 	C:\WINDOWS\SYSTEM32\VERSION.dll
0x00007ffdba360000 - 0x00007ffdba387000 	C:\WINDOWS\SYSTEM32\WINMM.dll
0x00007ffdd3a20000 - 0x00007ffdd3a8b000 	C:\WINDOWS\System32\WS2_32.dll
0x00007ffdcf760000 - 0x00007ffdcf772000 	C:\WINDOWS\SYSTEM32\kernel.appcore.dll
0x00007ffdcd3c0000 - 0x00007ffdcd3d0000 	D:\Program Files\Java\jdk1.8.0_281\jre\bin\verify.dll
0x00007ffdb0340000 - 0x00007ffdb036b000 	D:\Program Files\Java\jdk1.8.0_281\jre\bin\java.dll
0x00007ffdac340000 - 0x00007ffdac376000 	D:\Program Files\Java\jdk1.8.0_281\jre\bin\jdwp.dll
0x00007ffdcd3b0000 - 0x00007ffdcd3b9000 	D:\Program Files\Java\jdk1.8.0_281\jre\bin\npt.dll
0x00007ffdac730000 - 0x00007ffdac760000 	D:\Program Files\Java\jdk1.8.0_281\jre\bin\instrument.dll
0x00007ffdcbb20000 - 0x00007ffdcbb38000 	D:\Program Files\Java\jdk1.8.0_281\jre\bin\zip.dll
0x00007ffdd2f40000 - 0x00007ffdd367f000 	C:\WINDOWS\System32\SHELL32.dll
0x00007ffdcfa40000 - 0x00007ffdd01d0000 	C:\WINDOWS\SYSTEM32\windows.storage.dll
0x00007ffdd22d0000 - 0x00007ffdd2625000 	C:\WINDOWS\System32\combase.dll
0x00007ffdd1390000 - 0x00007ffdd13bc000 	C:\WINDOWS\SYSTEM32\Wldp.dll
0x00007ffdd2730000 - 0x00007ffdd27de000 	C:\WINDOWS\System32\SHCORE.dll
0x00007ffdd2630000 - 0x00007ffdd2685000 	C:\WINDOWS\System32\shlwapi.dll
0x00007ffdd18e0000 - 0x00007ffdd18ff000 	C:\WINDOWS\SYSTEM32\profapi.dll
0x00007ffdcb460000 - 0x00007ffdcb46a000 	D:\Program Files\Java\jdk1.8.0_281\jre\bin\dt_socket.dll
0x00007ffdd10f0000 - 0x00007ffdd115a000 	C:\WINDOWS\system32\mswsock.dll
0x00007ffdcb350000 - 0x00007ffdcb35d000 	D:\Program Files\Java\jdk1.8.0_281\jre\bin\management.dll
0x00007ffdcb960000 - 0x00007ffdcb97c000 	D:\Program Files\Java\jdk1.8.0_281\jre\bin\net.dll
0x00007ffdb2600000 - 0x00007ffdb2617000 	C:\WINDOWS\system32\napinsp.dll
0x00007ffdb1fa0000 - 0x00007ffdb1fbb000 	C:\WINDOWS\system32\pnrpnsp.dll
0x00007ffdcc760000 - 0x00007ffdcc775000 	C:\WINDOWS\system32\wshbth.dll
0x00007ffdcd330000 - 0x00007ffdcd34d000 	C:\WINDOWS\system32\NLAapi.dll
0x00007ffdd0d90000 - 0x00007ffdd0dcb000 	C:\WINDOWS\SYSTEM32\IPHLPAPI.DLL
0x00007ffdd0de0000 - 0x00007ffdd0eac000 	C:\WINDOWS\SYSTEM32\DNSAPI.dll
0x00007ffdd27e0000 - 0x00007ffdd27e8000 	C:\WINDOWS\System32\NSI.dll
0x00007ffdb1f80000 - 0x00007ffdb1f92000 	C:\WINDOWS\System32\winrnr.dll
0x00007ffdba8d0000 - 0x00007ffdba8da000 	C:\Windows\System32\rasadhlp.dll
0x00007ffdba7f0000 - 0x00007ffdba86f000 	C:\WINDOWS\System32\fwpuclnt.dll
0x00007ffdd1fd0000 - 0x00007ffdd1ff7000 	C:\WINDOWS\System32\bcrypt.dll
0x00007ffdc5d00000 - 0x00007ffdc5d13000 	D:\Program Files\Java\jdk1.8.0_281\jre\bin\nio.dll
0x00007ffdd12e0000 - 0x00007ffdd12f8000 	C:\WINDOWS\SYSTEM32\CRYPTSP.dll
0x00007ffdd0a00000 - 0x00007ffdd0a34000 	C:\WINDOWS\system32\rsaenh.dll
0x00007ffdd1860000 - 0x00007ffdd188e000 	C:\WINDOWS\SYSTEM32\USERENV.dll
0x00007ffdd2000000 - 0x00007ffdd2083000 	C:\WINDOWS\System32\bcryptprimitives.dll
0x00007ffdd1300000 - 0x00007ffdd130c000 	C:\WINDOWS\SYSTEM32\CRYPTBASE.dll
0x00007ffdc4b20000 - 0x00007ffdc4b37000 	C:\WINDOWS\SYSTEM32\dhcpcsvc6.DLL
0x00007ffdc4b00000 - 0x00007ffdc4b1d000 	C:\WINDOWS\SYSTEM32\dhcpcsvc.DLL
0x00007ffdac840000 - 0x00007ffdac894000 	C:\WINDOWS\SYSTEM32\pdh.dll
0x00007ffdcb2d0000 - 0x00007ffdcb2df000 	C:\WINDOWS\System32\perfproc.dll
0x00007ffdb8f40000 - 0x00007ffdb8f4f000 	C:\WINDOWS\System32\perfos.dll
0x00007ffda7fe0000 - 0x00007ffda8022000 	C:\Users\HUAWEI\AppData\Local\Temp\jna-2141820391\jna6071034841930417216.dll
0x00007ffda9000000 - 0x00007ffda9024000 	D:\Program Files\Java\jdk1.8.0_281\jre\bin\sunec.dll
0x00007ffdc72b0000 - 0x00007ffdc7494000 	C:\WINDOWS\SYSTEM32\dbghelp.dll

VM Arguments:
jvm_args: -agentlib:jdwp=transport=dt_socket,address=127.0.0.1:58991,suspend=y,server=n -Dspring.output.ansi.enabled=always -javaagent:C:\Users\HUAWEI\AppData\Local\JetBrains\IntelliJIdea2020.3\captureAgent\debugger-agent.jar -Dfile.encoding=UTF-8 
java_command: com.my.fmall.payment.FmallPaymentApplication
java_class_path (initial): D:\Program Files\Java\jdk1.8.0_281\jre\lib\charsets.jar;D:\Program Files\Java\jdk1.8.0_281\jre\lib\deploy.jar;D:\Program Files\Java\jdk1.8.0_281\jre\lib\ext\access-bridge-64.jar;D:\Program Files\Java\jdk1.8.0_281\jre\lib\ext\cldrdata.jar;D:\Program Files\Java\jdk1.8.0_281\jre\lib\ext\dnsns.jar;D:\Program Files\Java\jdk1.8.0_281\jre\lib\ext\jaccess.jar;D:\Program Files\Java\jdk1.8.0_281\jre\lib\ext\jfxrt.jar;D:\Program Files\Java\jdk1.8.0_281\jre\lib\ext\localedata.jar;D:\Program Files\Java\jdk1.8.0_281\jre\lib\ext\nashorn.jar;D:\Program Files\Java\jdk1.8.0_281\jre\lib\ext\sunec.jar;D:\Program Files\Java\jdk1.8.0_281\jre\lib\ext\sunjce_provider.jar;D:\Program Files\Java\jdk1.8.0_281\jre\lib\ext\sunmscapi.jar;D:\Program Files\Java\jdk1.8.0_281\jre\lib\ext\sunpkcs11.jar;D:\Program Files\Java\jdk1.8.0_281\jre\lib\ext\zipfs.jar;D:\Program Files\Java\jdk1.8.0_281\jre\lib\javaws.jar;D:\Program Files\Java\jdk1.8.0_281\jre\lib\jce.jar;D:\Program Files\Java\jdk1.8.0_281\jre\lib\jfr.jar;D:\Program Files\Java\jdk1.8.0_281\jre\lib\jfxswt.jar;D:\Program Files\Java\jdk1.8.0_281\jre\lib\jsse.jar;D:\Program Files\Java\jdk1.8.0_281\jre\lib\management-agent.jar;D:\Program Files\Java\jdk1.8.0_281\jre\lib\plugin.jar;D:\Program Files\Java\jdk1.8.0_281\jre\lib\resources.jar;D:\Program Files\Java\jdk1.8.0_281\jre\lib\rt.jar;D:\IdeaProject\zxy\fmall0911\fmall-payment\target\classes;D:\IdeaProject\zxy\fmall0911\fmall-interface\target\classes;D:\IdeaProject\zxy\fmall0911\fmall-bean\target\classes;D:\repository\tk\mybatis\mapper-spring-boot-starter\2.1.5\mapper-spring-boot-starter-2.1.5.jar;D:\repository\tk\mybatis\mapper-core\1.1.5\mapper-core-1.1.5.jar;D:\repository\javax\persistence\persistence-api\1.0\persistence-api-1.0.jar;D:\repository\tk\mybatis\mapper-base\1.1.5\mapper-base-1.1.5.jar;D:\repository\tk\mybatis\mapper-weekend\1.1.5\mapper-weekend-1.1.5.jar;D:\repository\tk\mybatis\mapper-spring\1.1.5\mapper-spring-1.1.5.jar;D:\repository\tk\mybatis\mapper-ext
Launcher Type: SUN_STANDARD

Environment Variables:
JAVA_HOME=D:\Program Files\Java\jdk1.8.0_281
PATH=C:\Program Files (x86)\Common Files\Oracle\Java\javapath;C:\WINDOWS\system32;C:\WINDOWS;C:\WINDOWS\System32\Wbem;C:\WINDOWS\System32\WindowsPowerShell\v1.0\;C:\WINDOWS\System32\OpenSSH\;D:\Program Files\Java\jdk1.8.0_281\bin;D:\apache-maven-3.8.1\bin;D:\Program Files\Git\cmd;D:\Program Files\nodejs\;D:\mysql\mysql-8.0.23-winx64\bin;D:\zxy\npm_repository\node_modules\cnpm\bin;D:\zxy\npm_repository;C:\Users\HUAWEI\AppData\Local\Microsoft\WindowsApps;C:\Users\HUAWEI\AppData\Roaming\npm;D:\zxy\npm_repository\node_modules\cnpm\bin;
USERNAME=HUAWEI
OS=Windows_NT
PROCESSOR_IDENTIFIER=Intel64 Family 6 Model 142 Stepping 12, GenuineIntel



---------------  S Y S T E M  ---------------

OS: Windows 10.0 , 64 bit Build 19041 (10.0.19041.1151)

CPU:total 8 (initial active 8) (4 cores per cpu, 2 threads per core) family 6 model 142 stepping 12, cmov, cx8, fxsr, mmx, sse, sse2, sse3, ssse3, sse4.1, sse4.2, popcnt, avx, avx2, aes, clmul, erms, 3dnowpref, lzcnt, ht, tsc, tscinvbit, bmi1, bmi2, adx

Memory: 4k page, physical 16607220k(627268k free), swap 27092976k(6288k free)

vm_info: Java HotSpot(TM) 64-Bit Server VM (25.281-b09) for windows-amd64 JRE (1.8.0_281-b09), built on Dec  9 2020 13:54:07 by "" with MS VC++ 15.9 (VS2017)

time: Sat Oct  9 16:26:15 2021
timezone: 中国标准时间
elapsed time: 14.379744 seconds (0d 0h 0m 14s)

