#
# There is insufficient memory for the Java Runtime Environment to continue.
# Native memory allocation (malloc) failed to allocate 1295696 bytes for Chunk::new
# Possible reasons:
#   The system is out of physical RAM or swap space
#   The process is running with CompressedOops enabled, and the Java Heap may be blocking the growth of the native heap
# Possible solutions:
#   Reduce memory load on the system
#   Increase physical memory or swap space
#   Check if swap backing store is full
#   Decrease Java heap size (-Xmx/-Xms)
#   Decrease number of Java threads
#   Decrease Java thread stack sizes (-Xss)
#   Set larger code cache with -XX:ReservedCodeCacheSize=
#   JVM is running with Zero Based Compressed Oops mode in which the Java heap is
#     placed in the first 32GB address space. The Java Heap base address is the
#     maximum limit for the native heap growth. Please use -XX:HeapBaseMinAddress
#     to set the Java Heap base and to place the Java Heap above 32GB virtual address.
# This output file may be truncated or incomplete.
#
#  Out of Memory Error (allocation.cpp:389), pid=28520, tid=0x0000000000003930
#
# JRE version: Java(TM) SE Runtime Environment (8.0_281-b09) (build 1.8.0_281-b09)
# Java VM: Java HotSpot(TM) 64-Bit Server VM (25.281-b09 mixed mode windows-amd64 compressed oops)
# Failed to write core dump. Minidumps are not enabled by default on client versions of Windows
#

---------------  T H R E A D  ---------------

Current thread (0x000001c4ab958000):  JavaThread "C2 CompilerThread2" daemon [_thread_in_native, id=14640, stack(0x00000084c8200000,0x00000084c8300000)]

Stack: [0x00000084c8200000,0x00000084c8300000]
Native frames: (J=compiled Java code, j=interpreted, Vv=VM code, C=native code)
V  [jvm.dll+0x32e5b9]
V  [jvm.dll+0x275012]
V  [jvm.dll+0x275cbd]
V  [jvm.dll+0x26c6f5]
V  [jvm.dll+0xd51fc]
V  [jvm.dll+0xd59fc]
V  [jvm.dll+0x46f8c3]
V  [jvm.dll+0x4372a3]
V  [jvm.dll+0x4403d5]
V  [jvm.dll+0x43f795]
V  [jvm.dll+0x42a5e7]
V  [jvm.dll+0xabe9b]
V  [jvm.dll+0xaa4fb]
V  [jvm.dll+0x23d6b2]
V  [jvm.dll+0x291cbc]
C  [ucrtbase.dll+0x21bb2]
C  [KERNEL32.DLL+0x17034]
C  [ntdll.dll+0x52651]


Current CompileTask:
C2:  15173 5758       4       java.lang.Class::privateGetPublicMethods (267 bytes)


---------------  P R O C E S S  ---------------

Java Threads: ( => current thread )
  0x000001c4aeb86800 JavaThread "elasticsearch[Hobgoblin][generic][T#2]" daemon [_thread_blocked, id=39392, stack(0x00000084c9700000,0x00000084c9800000)]
  0x000001c4aeb83800 JavaThread "elasticsearch[Hobgoblin][generic][T#1]" daemon [_thread_blocked, id=44360, stack(0x00000084c9600000,0x00000084c9700000)]
  0x000001c4aeb86000 JavaThread "elasticsearch[Hobgoblin][management][T#1]" daemon [_thread_blocked, id=39848, stack(0x00000084c9500000,0x00000084c9600000)]
  0x000001c4aeb85000 JavaThread "elasticsearch[Hobgoblin][clusterService#updateTask][T#1]" daemon [_thread_blocked, id=25348, stack(0x00000084c9400000,0x00000084c9500000)]
  0x000001c4aeb8a800 JavaThread "elasticsearch[Hobgoblin][[ttl_expire]]" daemon [_thread_blocked, id=9104, stack(0x00000084c9300000,0x00000084c9400000)]
  0x000001c4aeb89800 JavaThread "elasticsearch[Hobgoblin][scheduler][T#1]" daemon [_thread_blocked, id=16580, stack(0x00000084c9200000,0x00000084c9300000)]
  0x000001c4aeb84800 JavaThread "elasticsearch[Hobgoblin][[timer]]" daemon [_thread_blocked, id=10168, stack(0x00000084c9100000,0x00000084c9200000)]
  0x000001c4afe78800 JavaThread "DubboSaveRegistryCache-thread-1" daemon [_thread_blocked, id=19548, stack(0x00000084c8b00000,0x00000084c8c00000)]
  0x000001c4afe7c800 JavaThread "DubboFutureCallbackDefault-thread-1" daemon [_thread_blocked, id=20668, stack(0x00000084c9000000,0x00000084c9100000)]
  0x000001c4afe7d000 JavaThread "DubboZkclientConnector-EventThread" daemon [_thread_blocked, id=41808, stack(0x00000084c8e00000,0x00000084c8f00000)]
  0x000001c4afe7b000 JavaThread "DubboZkclientConnector-SendThread(192.168.91.128:2181)" daemon [_thread_in_native, id=40088, stack(0x00000084c8d00000,0x00000084c8e00000)]
  0x000001c4afe7a000 JavaThread "ZkClient-EventThread-24-192.168.91.128:2181" daemon [_thread_blocked, id=42928, stack(0x00000084c8c00000,0x00000084c8d00000)]
  0x000001c4afe78000 JavaThread "DubboRegistryFailedRetryTimer-thread-1" daemon [_thread_blocked, id=2256, stack(0x00000084c8a00000,0x00000084c8b00000)]
  0x000001c4afe7b800 JavaThread "container-0" [_thread_blocked, id=34624, stack(0x00000084c8900000,0x00000084c8a00000)]
  0x000001c4afe77000 JavaThread "ContainerBackgroundProcessor[StandardEngine[Tomcat]]" daemon [_thread_blocked, id=41192, stack(0x00000084c8800000,0x00000084c8900000)]
  0x000001c4afe79800 JavaThread "localhost-startStop-1" daemon [_thread_blocked, id=13584, stack(0x00000084c8700000,0x00000084c8800000)]
  0x000001c4afe7e000 JavaThread "Tomcat-startStop-1" daemon [_thread_blocked, id=25972, stack(0x00000084c8600000,0x00000084c8700000)]
  0x000001c4ab962800 JavaThread "Service Thread" daemon [_thread_blocked, id=45740, stack(0x00000084c8400000,0x00000084c8500000)]
  0x000001c4ab95b000 JavaThread "C1 CompilerThread3" daemon [_thread_blocked, id=3468, stack(0x00000084c8300000,0x00000084c8400000)]
=>0x000001c4ab958000 JavaThread "C2 CompilerThread2" daemon [_thread_in_native, id=14640, stack(0x00000084c8200000,0x00000084c8300000)]
  0x000001c4ab982800 JavaThread "C2 CompilerThread1" daemon [_thread_in_native, id=22120, stack(0x00000084c8100000,0x00000084c8200000)]
  0x000001c4ab982000 JavaThread "C2 CompilerThread0" daemon [_thread_in_native, id=40812, stack(0x00000084c8000000,0x00000084c8100000)]
  0x000001c4ab1e8800 JavaThread "JDWP Command Reader" daemon [_thread_in_native, id=27984, stack(0x00000084c7f00000,0x00000084c8000000)]
  0x000001c4ab1e5800 JavaThread "JDWP Event Helper Thread" daemon [_thread_blocked, id=44600, stack(0x00000084c7e00000,0x00000084c7f00000)]
  0x000001c4ab1d5800 JavaThread "JDWP Transport Listener: dt_socket" daemon [_thread_blocked, id=41568, stack(0x00000084c7d00000,0x00000084c7e00000)]
  0x000001c4a9453000 JavaThread "Attach Listener" daemon [_thread_blocked, id=16072, stack(0x00000084c7c00000,0x00000084c7d00000)]
  0x000001c4a94a8000 JavaThread "Signal Dispatcher" daemon [_thread_blocked, id=40676, stack(0x00000084c7b00000,0x00000084c7c00000)]
  0x000001c4a9425000 JavaThread "Finalizer" daemon [_thread_blocked, id=12068, stack(0x00000084c7a00000,0x00000084c7b00000)]
  0x000001c4a941c800 JavaThread "Reference Handler" daemon [_thread_blocked, id=40508, stack(0x00000084c7900000,0x00000084c7a00000)]
  0x000001c48e838000 JavaThread "main" [_thread_in_native, id=19108, stack(0x00000084c6f00000,0x00000084c7000000)]

Other Threads:
  0x000001c4a93f2000 VMThread [stack: 0x00000084c7800000,0x00000084c7900000] [id=29056]
  0x000001c4abadb000 WatcherThread [stack: 0x00000084c8500000,0x00000084c8600000] [id=41884]

VM state:not at safepoint (normal execution)

VM Mutex/Monitor currently owned by a thread: None

heap address: 0x00000006c2800000, size: 4056 MB, Compressed Oops mode: Zero based, Oop shift amount: 3
Narrow klass base: 0x0000000000000000, Narrow klass shift: 3
Compressed class space size: 1073741824 Address: 0x00000007c0000000

Heap:
 PSYoungGen      total 525312K, used 149860K [0x000000076b800000, 0x0000000793980000, 0x00000007c0000000)
  eden space 504832K, 29% used [0x000000076b800000,0x0000000774a59140,0x000000078a500000)
  from space 20480K, 0% used [0x000000078a500000,0x000000078a500000,0x000000078b900000)
  to   space 19968K, 0% used [0x0000000792600000,0x0000000792600000,0x0000000793980000)
 ParOldGen       total 254976K, used 38827K [0x00000006c2800000, 0x00000006d2100000, 0x000000076b800000)
  object space 254976K, 15% used [0x00000006c2800000,0x00000006c4deaec8,0x00000006d2100000)
 Metaspace       used 63818K, capacity 64380K, committed 64768K, reserved 1105920K
  class space    used 8018K, capacity 8133K, committed 8192K, reserved 1048576K

Card table byte_map: [0x000001c49f5c0000,0x000001c49fdb0000] byte_map_base: 0x000001c49bfac000

Marking Bits: (ParMarkBitMap*) 0x0000000068c56ff0
 Begin Bits: [0x000001c4a0300000, 0x000001c4a4260000)
 End Bits:   [0x000001c4a4260000, 0x000001c4a81c0000)

Polling page: 0x000001c48e9d0000

CodeCache: size=245760Kb used=21060Kb max_used=21522Kb free=224699Kb
 bounds [0x000001c490200000, 0x000001c491720000, 0x000001c49f200000]
 total_blobs=5764 nmethods=4965 adapters=718
 compilation: enabled

Compilation events (10 events):
Event: 15.067 Thread 0x000001c4ab95b000 5788   !   3       com.sun.beans.TypeResolver::resolve (274 bytes)
Event: 15.068 Thread 0x000001c4ab95b000 nmethod 5788 0x000001c49062b050 code [0x000001c49062b4a0, 0x000001c49062e0e0]
Event: 15.071 Thread 0x000001c4ab95b000 5790       3       sun.reflect.generics.reflectiveObjects.ParameterizedTypeImpl::make (11 bytes)
Event: 15.072 Thread 0x000001c4ab95b000 nmethod 5790 0x000001c491712210 code [0x000001c4917123e0, 0x000001c491712a60]
Event: 15.079 Thread 0x000001c4ab95b000 5791       3       org.springframework.beans.factory.config.ConstructorArgumentValues::<init> (28 bytes)
Event: 15.080 Thread 0x000001c4ab95b000 nmethod 5791 0x000001c4904d25d0 code [0x000001c4904d27a0, 0x000001c4904d2d50]
Event: 15.080 Thread 0x000001c4ab95b000 5792       3       sun.reflect.UnsafeFieldAccessorImpl::ensureObj (23 bytes)
Event: 15.081 Thread 0x000001c4ab95b000 nmethod 5792 0x000001c4905fb450 code [0x000001c4905fb620, 0x000001c4905fbfa0]
Event: 15.089 Thread 0x000001c4ab982000 nmethod 5761 0x000001c490f4cb50 code [0x000001c490f4cf80, 0x000001c490f50528]
Event: 15.089 Thread 0x000001c4ab982000 5789       4       java.lang.Class::getDeclaredMethod (67 bytes)

GC Heap History (10 events):
Event: 6.689 GC heap before
{Heap before GC invocations=10 (full 1):
 PSYoungGen      total 401408K, used 146399K [0x000000076b800000, 0x000000078c500000, 0x00000007c0000000)
  eden space 392192K, 34% used [0x000000076b800000,0x0000000773df8700,0x0000000783700000)
  from space 9216K, 99% used [0x000000078bc00000,0x000000078c4ff800,0x000000078c500000)
  to   space 12288K, 0% used [0x000000078ad00000,0x000000078ad00000,0x000000078b900000)
 ParOldGen       total 104960K, used 14955K [0x00000006c2800000, 0x00000006c8e80000, 0x000000076b800000)
  object space 104960K, 14% used [0x00000006c2800000,0x00000006c369ac48,0x00000006c8e80000)
 Metaspace       used 34873K, capacity 35252K, committed 35496K, reserved 1081344K
  class space    used 4203K, capacity 4305K, committed 4352K, reserved 1048576K
Event: 6.699 GC heap after
Heap after GC invocations=10 (full 1):
 PSYoungGen      total 520704K, used 12287K [0x000000076b800000, 0x000000078c580000, 0x00000007c0000000)
  eden space 508416K, 0% used [0x000000076b800000,0x000000076b800000,0x000000078a880000)
  from space 12288K, 99% used [0x000000078ad00000,0x000000078b8ffc20,0x000000078b900000)
  to   space 12800K, 0% used [0x000000078b900000,0x000000078b900000,0x000000078c580000)
 ParOldGen       total 104960K, used 17486K [0x00000006c2800000, 0x00000006c8e80000, 0x000000076b800000)
  object space 104960K, 16% used [0x00000006c2800000,0x00000006c39138e0,0x00000006c8e80000)
 Metaspace       used 34873K, capacity 35252K, committed 35496K, reserved 1081344K
  class space    used 4203K, capacity 4305K, committed 4352K, reserved 1048576K
}
Event: 6.699 GC heap before
{Heap before GC invocations=11 (full 2):
 PSYoungGen      total 520704K, used 12287K [0x000000076b800000, 0x000000078c580000, 0x00000007c0000000)
  eden space 508416K, 0% used [0x000000076b800000,0x000000076b800000,0x000000078a880000)
  from space 12288K, 99% used [0x000000078ad00000,0x000000078b8ffc20,0x000000078b900000)
  to   space 12800K, 0% used [0x000000078b900000,0x000000078b900000,0x000000078c580000)
 ParOldGen       total 104960K, used 17486K [0x00000006c2800000, 0x00000006c8e80000, 0x000000076b800000)
  object space 104960K, 16% used [0x00000006c2800000,0x00000006c39138e0,0x00000006c8e80000)
 Metaspace       used 34873K, capacity 35252K, committed 35496K, reserved 1081344K
  class space    used 4203K, capacity 4305K, committed 4352K, reserved 1048576K
Event: 6.754 GC heap after
Heap after GC invocations=11 (full 2):
 PSYoungGen      total 520704K, used 0K [0x000000076b800000, 0x000000078c580000, 0x00000007c0000000)
  eden space 508416K, 0% used [0x000000076b800000,0x000000076b800000,0x000000078a880000)
  from space 12288K, 0% used [0x000000078ad00000,0x000000078ad00000,0x000000078b900000)
  to   space 12800K, 0% used [0x000000078b900000,0x000000078b900000,0x000000078c580000)
 ParOldGen       total 172544K, used 22621K [0x00000006c2800000, 0x00000006cd080000, 0x000000076b800000)
  object space 172544K, 13% used [0x00000006c2800000,0x00000006c3e17528,0x00000006cd080000)
 Metaspace       used 34873K, capacity 35252K, committed 35496K, reserved 1081344K
  class space    used 4203K, capacity 4305K, committed 4352K, reserved 1048576K
}
Event: 10.590 GC heap before
{Heap before GC invocations=12 (full 2):
 PSYoungGen      total 520704K, used 508416K [0x000000076b800000, 0x000000078c580000, 0x00000007c0000000)
  eden space 508416K, 100% used [0x000000076b800000,0x000000078a880000,0x000000078a880000)
  from space 12288K, 0% used [0x000000078ad00000,0x000000078ad00000,0x000000078b900000)
  to   space 12800K, 0% used [0x000000078b900000,0x000000078b900000,0x000000078c580000)
 ParOldGen       total 172544K, used 22621K [0x00000006c2800000, 0x00000006cd080000, 0x000000076b800000)
  object space 172544K, 13% used [0x00000006c2800000,0x00000006c3e17528,0x00000006cd080000)
 Metaspace       used 52147K, capacity 52644K, committed 53248K, reserved 1095680K
  class space    used 6408K, capacity 6529K, committed 6656K, reserved 1048576K
Event: 10.605 GC heap after
Heap after GC invocations=12 (full 2):
 PSYoungGen      total 517632K, used 12781K [0x000000076b800000, 0x0000000794880000, 0x00000007c0000000)
  eden space 504832K, 0% used [0x000000076b800000,0x000000076b800000,0x000000078a500000)
  from space 12800K, 99% used [0x000000078b900000,0x000000078c57b758,0x000000078c580000)
  to   space 20480K, 0% used [0x000000078a500000,0x000000078a500000,0x000000078b900000)
 ParOldGen       total 172544K, used 36046K [0x00000006c2800000, 0x00000006cd080000, 0x000000076b800000)
  object space 172544K, 20% used [0x00000006c2800000,0x00000006c4b33b88,0x00000006cd080000)
 Metaspace       used 52147K, capacity 52644K, committed 53248K, reserved 1095680K
  class space    used 6408K, capacity 6529K, committed 6656K, reserved 1048576K
}
Event: 12.576 GC heap before
{Heap before GC invocations=13 (full 2):
 PSYoungGen      total 517632K, used 144084K [0x000000076b800000, 0x0000000794880000, 0x00000007c0000000)
  eden space 504832K, 26% used [0x000000076b800000,0x0000000773839938,0x000000078a500000)
  from space 12800K, 99% used [0x000000078b900000,0x000000078c57b758,0x000000078c580000)
  to   space 20480K, 0% used [0x000000078a500000,0x000000078a500000,0x000000078b900000)
 ParOldGen       total 172544K, used 36046K [0x00000006c2800000, 0x00000006cd080000, 0x000000076b800000)
  object space 172544K, 20% used [0x00000006c2800000,0x00000006c4b33b88,0x00000006cd080000)
 Metaspace       used 58245K, capacity 58704K, committed 59136K, reserved 1101824K
  class space    used 7205K, capacity 7331K, committed 7424K, reserved 1048576K
Event: 12.586 GC heap after
Heap after GC invocations=13 (full 2):
 PSYoungGen      total 525312K, used 9380K [0x000000076b800000, 0x0000000793980000, 0x00000007c0000000)
  eden space 504832K, 0% used [0x000000076b800000,0x000000076b800000,0x000000078a500000)
  from space 20480K, 45% used [0x000000078a500000,0x000000078ae29260,0x000000078b900000)
  to   space 19968K, 0% used [0x0000000792600000,0x0000000792600000,0x0000000793980000)
 ParOldGen       total 172544K, used 46867K [0x00000006c2800000, 0x00000006cd080000, 0x000000076b800000)
  object space 172544K, 27% used [0x00000006c2800000,0x00000006c55c4d10,0x00000006cd080000)
 Metaspace       used 58245K, capacity 58704K, committed 59136K, reserved 1101824K
  class space    used 7205K, capacity 7331K, committed 7424K, reserved 1048576K
}
Event: 12.586 GC heap before
{Heap before GC invocations=14 (full 3):
 PSYoungGen      total 525312K, used 9380K [0x000000076b800000, 0x0000000793980000, 0x00000007c0000000)
  eden space 504832K, 0% used [0x000000076b800000,0x000000076b800000,0x000000078a500000)
  from space 20480K, 45% used [0x000000078a500000,0x000000078ae29260,0x000000078b900000)
  to   space 19968K, 0% used [0x0000000792600000,0x0000000792600000,0x0000000793980000)
 ParOldGen       total 172544K, used 46867K [0x00000006c2800000, 0x00000006cd080000, 0x000000076b800000)
  object space 172544K, 27% used [0x00000006c2800000,0x00000006c55c4d10,0x00000006cd080000)
 Metaspace       used 58245K, capacity 58704K, committed 59136K, reserved 1101824K
  class space    used 7205K, capacity 7331K, committed 7424K, reserved 1048576K
Event: 12.739 GC heap after
Heap after GC invocations=14 (full 3):
 PSYoungGen      total 525312K, used 0K [0x000000076b800000, 0x0000000793980000, 0x00000007c0000000)
  eden space 504832K, 0% used [0x000000076b800000,0x000000076b800000,0x000000078a500000)
  from space 20480K, 0% used [0x000000078a500000,0x000000078a500000,0x000000078b900000)
  to   space 19968K, 0% used [0x0000000792600000,0x0000000792600000,0x0000000793980000)
 ParOldGen       total 254976K, used 38827K [0x00000006c2800000, 0x00000006d2100000, 0x000000076b800000)
  object space 254976K, 15% used [0x00000006c2800000,0x00000006c4deaec8,0x00000006d2100000)
 Metaspace       used 58245K, capacity 58704K, committed 59136K, reserved 1101824K
  class space    used 7205K, capacity 7331K, committed 7424K, reserved 1048576K
}

Deoptimization events (10 events):
Event: 10.813 Thread 0x000001c48e838000 Uncommon trap: reason=class_check action=maybe_recompile pc=0x000001c4915b5fb8 method=com.google.common.collect.Hashing.smearedHash(Ljava/lang/Object;)I @ 9
Event: 10.961 Thread 0x000001c48e838000 Uncommon trap: reason=unstable_if action=reinterpret pc=0x000001c490bacbb0 method=java.util.concurrent.locks.AbstractQueuedSynchronizer.release(I)Z @ 5
Event: 11.469 Thread 0x000001c48e838000 Uncommon trap: reason=unstable_if action=reinterpret pc=0x000001c49114e994 method=java.util.Arrays.hashCode([Ljava/lang/Object;)I @ 34
Event: 12.922 Thread 0x000001c48e838000 Uncommon trap: reason=unstable_if action=reinterpret pc=0x000001c490a5a554 method=java.util.regex.Pattern$Ctype.isSatisfiedBy(I)Z @ 4
Event: 12.923 Thread 0x000001c48e838000 Uncommon trap: reason=unstable_if action=reinterpret pc=0x000001c49081b160 method=java.util.regex.Pattern$Ctype.isSatisfiedBy(I)Z @ 4
Event: 13.162 Thread 0x000001c48e838000 Uncommon trap: reason=unstable_if action=reinterpret pc=0x000001c490c4b5b0 method=java.util.AbstractCollection.toArray([Ljava/lang/Object;)[Ljava/lang/Object; @ 56
Event: 15.023 Thread 0x000001c48e838000 Uncommon trap: reason=bimorphic action=maybe_recompile pc=0x000001c49147a1b0 method=com.sun.beans.TypeResolver.resolve(Ljava/lang/reflect/Type;Ljava/lang/reflect/Type;)Ljava/lang/reflect/Type; @ 225
Event: 15.034 Thread 0x000001c4aeb85000 Uncommon trap: reason=unstable_if action=reinterpret pc=0x000001c4905df680 method=java.nio.Buffer.limit(I)Ljava/nio/Buffer; @ 30
Event: 15.040 Thread 0x000001c4aeb85000 Uncommon trap: reason=unstable_if action=reinterpret pc=0x000001c4915c61b4 method=com.google.common.collect.RegularImmutableSet.contains(Ljava/lang/Object;)Z @ 10
Event: 15.064 Thread 0x000001c48e838000 Uncommon trap: reason=unstable_if action=reinterpret pc=0x000001c4914770a0 method=sun.reflect.generics.reflectiveObjects.ParameterizedTypeImpl.<init>(Ljava/lang/Class;[Ljava/lang/reflect/Type;Ljava/lang/reflect/Type;)V @ 16

Classes redefined (0 events):
No events

Internal exceptions (10 events):
Event: 15.067 Thread 0x000001c48e838000 Exception <a 'java/lang/ClassNotFoundException': org/springframework/data/elasticsearch/core/ElasticsearchOperationsCustomizer> (0x000000077385c398) thrown at [C:\jenkins\workspace\8-2-build-windows-amd64-cygwin\jdk8u281\880\hotspot\src\share\vm\classfile
Event: 15.068 Thread 0x000001c48e838000 Exception <a 'java/lang/ClassNotFoundException': org/springframework/context/ApplicationContextAwareCustomizer> (0x00000007738f6db0) thrown at [C:\jenkins\workspace\8-2-build-windows-amd64-cygwin\jdk8u281\880\hotspot\src\share\vm\classfile\systemDictionar
Event: 15.071 Thread 0x000001c48e838000 Exception <a 'java/lang/ClassNotFoundException': java/lang/ObjectCustomizer> (0x0000000773966688) thrown at [C:\jenkins\workspace\8-2-build-windows-amd64-cygwin\jdk8u281\880\hotspot\src\share\vm\classfile\systemDictionary.cpp, line 212]
Event: 15.073 Thread 0x000001c48e838000 Exception <a 'java/lang/ClassNotFoundException': org/springframework/boot/autoconfigure/data/elasticsearch/ElasticsearchRepositoriesAutoConfigurationCustomizer> (0x00000007739b5308) thrown at [C:\jenkins\workspace\8-2-build-windows-amd64-cygwin\jdk8u281\8
Event: 15.074 Thread 0x000001c48e838000 Exception <a 'java/lang/ClassNotFoundException': org/springframework/boot/autoconfigure/data/elasticsearch/ElasticsearchRepositoriesAutoConfiguration$$EnhancerBySpringCGLIB$$1cf64599Customizer> (0x0000000773a13b58) thrown at [C:\jenkins\workspace\8-2-buil
Event: 15.074 Thread 0x000001c48e838000 Exception <a 'java/lang/ClassNotFoundException': org/springframework/context/annotation/ConfigurationClassEnhancer$EnhancedConfigurationCustomizer> (0x0000000773a5de00) thrown at [C:\jenkins\workspace\8-2-build-windows-amd64-cygwin\jdk8u281\880\hotspot\sr
Event: 15.076 Thread 0x000001c48e838000 Exception <a 'java/lang/ClassNotFoundException': java/lang/ObjectCustomizer> (0x0000000773a8b968) thrown at [C:\jenkins\workspace\8-2-build-windows-amd64-cygwin\jdk8u281\880\hotspot\src\share\vm\classfile\systemDictionary.cpp, line 212]
Event: 15.077 Thread 0x000001c48e838000 Exception <a 'java/lang/ClassNotFoundException': org/springframework/boot/autoconfigure/gson/GsonAutoConfigurationCustomizer> (0x0000000773ac8398) thrown at [C:\jenkins\workspace\8-2-build-windows-amd64-cygwin\jdk8u281\880\hotspot\src\share\vm\classfile\s
Event: 15.078 Thread 0x000001c48e838000 Exception <a 'java/lang/ClassNotFoundException': org/springframework/boot/autoconfigure/gson/GsonAutoConfiguration$$EnhancerBySpringCGLIB$$44e76773Customizer> (0x0000000773b142b0) thrown at [C:\jenkins\workspace\8-2-build-windows-amd64-cygwin\jdk8u281\880
Event: 15.079 Thread 0x000001c48e838000 Exception <a 'java/lang/ClassNotFoundException': org/springframework/context/annotation/ConfigurationClassEnhancer$EnhancedConfigurationCustomizer> (0x0000000773b5ea60) thrown at [C:\jenkins\workspace\8-2-build-windows-amd64-cygwin\jdk8u281\880\hotspot\sr

Events (10 events):
Event: 15.147 loading class com/google/gson/internal/bind/TypeAdapterRuntimeTypeWrapper
Event: 15.147 loading class com/google/gson/internal/bind/TypeAdapterRuntimeTypeWrapper done
Event: 15.147 loading class com/google/gson/internal/bind/ArrayTypeAdapter$1
Event: 15.147 loading class com/google/gson/internal/bind/ArrayTypeAdapter$1 done
Event: 15.148 loading class com/google/gson/internal/bind/CollectionTypeAdapterFactory
Event: 15.148 loading class com/google/gson/internal/bind/CollectionTypeAdapterFactory done
Event: 15.148 loading class com/google/gson/internal/bind/CollectionTypeAdapterFactory$Adapter
Event: 15.148 loading class com/google/gson/internal/bind/CollectionTypeAdapterFactory$Adapter done
Event: 15.149 loading class com/google/gson/internal/bind/MapTypeAdapterFactory
Event: 15.149 loading class com/google/gson/internal/bind/MapTypeAdapterFactory done


Dynamic libraries:
0x00007ff797180000 - 0x00007ff7971c7000 	D:\Program Files\Java\jdk1.8.0_281\bin\java.exe
0x00007ffdd4270000 - 0x00007ffdd4465000 	C:\WINDOWS\SYSTEM32\ntdll.dll
0x00007ffdd3680000 - 0x00007ffdd373d000 	C:\WINDOWS\System32\KERNEL32.DLL
0x00007ffdd1bb0000 - 0x00007ffdd1e79000 	C:\WINDOWS\System32\KERNELBASE.dll
0x00007ffdd38e0000 - 0x00007ffdd398c000 	C:\WINDOWS\System32\ADVAPI32.dll
0x00007ffdd3e60000 - 0x00007ffdd3efe000 	C:\WINDOWS\System32\msvcrt.dll
0x00007ffdd2690000 - 0x00007ffdd272b000 	C:\WINDOWS\System32\sechost.dll
0x00007ffdd3a90000 - 0x00007ffdd3bba000 	C:\WINDOWS\System32\RPCRT4.dll
0x00007ffdd3740000 - 0x00007ffdd38e0000 	C:\WINDOWS\System32\USER32.dll
0x00007ffdd22a0000 - 0x00007ffdd22c2000 	C:\WINDOWS\System32\win32u.dll
0x00007ffdd3dd0000 - 0x00007ffdd3dfa000 	C:\WINDOWS\System32\GDI32.dll
0x00007ffdd19a0000 - 0x00007ffdd1aab000 	C:\WINDOWS\System32\gdi32full.dll
0x00007ffdd1ed0000 - 0x00007ffdd1f6d000 	C:\WINDOWS\System32\msvcp_win.dll
0x00007ffdd1ab0000 - 0x00007ffdd1bb0000 	C:\WINDOWS\System32\ucrtbase.dll
0x00007ffdb9f10000 - 0x00007ffdba1aa000 	C:\WINDOWS\WinSxS\amd64_microsoft.windows.common-controls_6595b64144ccf1df_6.0.19041.1110_none_60b5254171f9507e\COMCTL32.dll
0x00007ffdd27f0000 - 0x00007ffdd2820000 	C:\WINDOWS\System32\IMM32.DLL
0x00007ffdcd480000 - 0x00007ffdcd495000 	D:\Program Files\Java\jdk1.8.0_281\jre\bin\vcruntime140.dll
0x00007ffdb90d0000 - 0x00007ffdb916b000 	D:\Program Files\Java\jdk1.8.0_281\jre\bin\msvcp140.dll
0x0000000068470000 - 0x0000000068ccf000 	D:\Program Files\Java\jdk1.8.0_281\jre\bin\server\jvm.dll
0x00007ffdd2f30000 - 0x00007ffdd2f38000 	C:\WINDOWS\System32\PSAPI.DLL
0x00007ffdb5910000 - 0x00007ffdb5919000 	C:\WINDOWS\SYSTEM32\WSOCK32.dll
0x00007ffdba360000 - 0x00007ffdba387000 	C:\WINDOWS\SYSTEM32\WINMM.dll
0x00007ffdd1520000 - 0x00007ffdd152a000 	C:\WINDOWS\SYSTEM32\VERSION.dll
0x00007ffdd3a20000 - 0x00007ffdd3a8b000 	C:\WINDOWS\System32\WS2_32.dll
0x00007ffdcf760000 - 0x00007ffdcf772000 	C:\WINDOWS\SYSTEM32\kernel.appcore.dll
0x00007ffdcd450000 - 0x00007ffdcd460000 	D:\Program Files\Java\jdk1.8.0_281\jre\bin\verify.dll
0x00007ffdcb3c0000 - 0x00007ffdcb3eb000 	D:\Program Files\Java\jdk1.8.0_281\jre\bin\java.dll
0x00007ffdb9090000 - 0x00007ffdb90c6000 	D:\Program Files\Java\jdk1.8.0_281\jre\bin\jdwp.dll
0x00007ffdcc8b0000 - 0x00007ffdcc8b9000 	D:\Program Files\Java\jdk1.8.0_281\jre\bin\npt.dll
0x00007ffdb9060000 - 0x00007ffdb9090000 	D:\Program Files\Java\jdk1.8.0_281\jre\bin\instrument.dll
0x00007ffdcbb20000 - 0x00007ffdcbb38000 	D:\Program Files\Java\jdk1.8.0_281\jre\bin\zip.dll
0x00007ffdd2f40000 - 0x00007ffdd367f000 	C:\WINDOWS\System32\SHELL32.dll
0x00007ffdcfa40000 - 0x00007ffdd01d0000 	C:\WINDOWS\SYSTEM32\windows.storage.dll
0x00007ffdd22d0000 - 0x00007ffdd2625000 	C:\WINDOWS\System32\combase.dll
0x00007ffdd1390000 - 0x00007ffdd13bc000 	C:\WINDOWS\SYSTEM32\Wldp.dll
0x00007ffdd2730000 - 0x00007ffdd27de000 	C:\WINDOWS\System32\SHCORE.dll
0x00007ffdd2630000 - 0x00007ffdd2685000 	C:\WINDOWS\System32\shlwapi.dll
0x00007ffdd18e0000 - 0x00007ffdd18ff000 	C:\WINDOWS\SYSTEM32\profapi.dll
0x00007ffdcb900000 - 0x00007ffdcb90a000 	D:\Program Files\Java\jdk1.8.0_281\jre\bin\dt_socket.dll
0x00007ffdd10f0000 - 0x00007ffdd115a000 	C:\WINDOWS\system32\mswsock.dll
0x00007ffdcb440000 - 0x00007ffdcb44d000 	D:\Program Files\Java\jdk1.8.0_281\jre\bin\management.dll
0x00007ffdcb960000 - 0x00007ffdcb97c000 	D:\Program Files\Java\jdk1.8.0_281\jre\bin\net.dll
0x00007ffdb2600000 - 0x00007ffdb2617000 	C:\WINDOWS\system32\napinsp.dll
0x00007ffdb1fa0000 - 0x00007ffdb1fbb000 	C:\WINDOWS\system32\pnrpnsp.dll
0x00007ffdcc760000 - 0x00007ffdcc775000 	C:\WINDOWS\system32\wshbth.dll
0x00007ffdcd330000 - 0x00007ffdcd34d000 	C:\WINDOWS\system32\NLAapi.dll
0x00007ffdd0d90000 - 0x00007ffdd0dcb000 	C:\WINDOWS\SYSTEM32\IPHLPAPI.DLL
0x00007ffdd0de0000 - 0x00007ffdd0eac000 	C:\WINDOWS\SYSTEM32\DNSAPI.dll
0x00007ffdd27e0000 - 0x00007ffdd27e8000 	C:\WINDOWS\System32\NSI.dll
0x00007ffdb1f80000 - 0x00007ffdb1f92000 	C:\WINDOWS\System32\winrnr.dll
0x00007ffdba8d0000 - 0x00007ffdba8da000 	C:\Windows\System32\rasadhlp.dll
0x00007ffdba7f0000 - 0x00007ffdba86f000 	C:\WINDOWS\System32\fwpuclnt.dll
0x00007ffdd1fd0000 - 0x00007ffdd1ff7000 	C:\WINDOWS\System32\bcrypt.dll
0x00007ffdc5d00000 - 0x00007ffdc5d13000 	D:\Program Files\Java\jdk1.8.0_281\jre\bin\nio.dll
0x00007ffdd12e0000 - 0x00007ffdd12f8000 	C:\WINDOWS\SYSTEM32\CRYPTSP.dll
0x00007ffdd0a00000 - 0x00007ffdd0a34000 	C:\WINDOWS\system32\rsaenh.dll
0x00007ffdd1860000 - 0x00007ffdd188e000 	C:\WINDOWS\SYSTEM32\USERENV.dll
0x00007ffdd2000000 - 0x00007ffdd2083000 	C:\WINDOWS\System32\bcryptprimitives.dll
0x00007ffdd1300000 - 0x00007ffdd130c000 	C:\WINDOWS\SYSTEM32\CRYPTBASE.dll
0x00007ffdc4b20000 - 0x00007ffdc4b37000 	C:\WINDOWS\SYSTEM32\dhcpcsvc6.DLL
0x00007ffdc4b00000 - 0x00007ffdc4b1d000 	C:\WINDOWS\SYSTEM32\dhcpcsvc.DLL
0x00007ffdac840000 - 0x00007ffdac894000 	C:\WINDOWS\SYSTEM32\pdh.dll
0x00007ffdcb3b0000 - 0x00007ffdcb3bf000 	C:\WINDOWS\System32\perfproc.dll
0x00007ffdcd3f0000 - 0x00007ffdcd3ff000 	C:\WINDOWS\System32\perfos.dll
0x00007ffda5900000 - 0x00007ffda5942000 	C:\Users\HUAWEI\AppData\Local\Temp\jna-2141820391\jna1699700728905700470.dll
0x00007ffdc72b0000 - 0x00007ffdc7494000 	C:\WINDOWS\SYSTEM32\dbghelp.dll

VM Arguments:
jvm_args: -agentlib:jdwp=transport=dt_socket,address=127.0.0.1:57347,suspend=y,server=n -Dspring.output.ansi.enabled=always -javaagent:C:\Users\HUAWEI\AppData\Local\JetBrains\IntelliJIdea2020.3\captureAgent\debugger-agent.jar -Dfile.encoding=UTF-8 
java_command: com.my.fmall.payment.FmallPaymentApplication
java_class_path (initial): D:\Program Files\Java\jdk1.8.0_281\jre\lib\charsets.jar;D:\Program Files\Java\jdk1.8.0_281\jre\lib\deploy.jar;D:\Program Files\Java\jdk1.8.0_281\jre\lib\ext\access-bridge-64.jar;D:\Program Files\Java\jdk1.8.0_281\jre\lib\ext\cldrdata.jar;D:\Program Files\Java\jdk1.8.0_281\jre\lib\ext\dnsns.jar;D:\Program Files\Java\jdk1.8.0_281\jre\lib\ext\jaccess.jar;D:\Program Files\Java\jdk1.8.0_281\jre\lib\ext\jfxrt.jar;D:\Program Files\Java\jdk1.8.0_281\jre\lib\ext\localedata.jar;D:\Program Files\Java\jdk1.8.0_281\jre\lib\ext\nashorn.jar;D:\Program Files\Java\jdk1.8.0_281\jre\lib\ext\sunec.jar;D:\Program Files\Java\jdk1.8.0_281\jre\lib\ext\sunjce_provider.jar;D:\Program Files\Java\jdk1.8.0_281\jre\lib\ext\sunmscapi.jar;D:\Program Files\Java\jdk1.8.0_281\jre\lib\ext\sunpkcs11.jar;D:\Program Files\Java\jdk1.8.0_281\jre\lib\ext\zipfs.jar;D:\Program Files\Java\jdk1.8.0_281\jre\lib\javaws.jar;D:\Program Files\Java\jdk1.8.0_281\jre\lib\jce.jar;D:\Program Files\Java\jdk1.8.0_281\jre\lib\jfr.jar;D:\Program Files\Java\jdk1.8.0_281\jre\lib\jfxswt.jar;D:\Program Files\Java\jdk1.8.0_281\jre\lib\jsse.jar;D:\Program Files\Java\jdk1.8.0_281\jre\lib\management-agent.jar;D:\Program Files\Java\jdk1.8.0_281\jre\lib\plugin.jar;D:\Program Files\Java\jdk1.8.0_281\jre\lib\resources.jar;D:\Program Files\Java\jdk1.8.0_281\jre\lib\rt.jar;D:\IdeaProject\zxy\fmall0911\fmall-payment\target\classes;D:\IdeaProject\zxy\fmall0911\fmall-interface\target\classes;D:\IdeaProject\zxy\fmall0911\fmall-bean\target\classes;D:\repository\tk\mybatis\mapper-spring-boot-starter\2.1.5\mapper-spring-boot-starter-2.1.5.jar;D:\repository\tk\mybatis\mapper-core\1.1.5\mapper-core-1.1.5.jar;D:\repository\javax\persistence\persistence-api\1.0\persistence-api-1.0.jar;D:\repository\tk\mybatis\mapper-base\1.1.5\mapper-base-1.1.5.jar;D:\repository\tk\mybatis\mapper-weekend\1.1.5\mapper-weekend-1.1.5.jar;D:\repository\tk\mybatis\mapper-spring\1.1.5\mapper-spring-1.1.5.jar;D:\repository\tk\mybatis\mapper-ext
Launcher Type: SUN_STANDARD

Environment Variables:
JAVA_HOME=D:\Program Files\Java\jdk1.8.0_281
PATH=C:\Program Files (x86)\Common Files\Oracle\Java\javapath;C:\WINDOWS\system32;C:\WINDOWS;C:\WINDOWS\System32\Wbem;C:\WINDOWS\System32\WindowsPowerShell\v1.0\;C:\WINDOWS\System32\OpenSSH\;D:\Program Files\Java\jdk1.8.0_281\bin;D:\apache-maven-3.8.1\bin;D:\Program Files\Git\cmd;D:\Program Files\nodejs\;D:\mysql\mysql-8.0.23-winx64\bin;D:\zxy\npm_repository\node_modules\cnpm\bin;D:\zxy\npm_repository;C:\Users\HUAWEI\AppData\Local\Microsoft\WindowsApps;C:\Users\HUAWEI\AppData\Roaming\npm;D:\zxy\npm_repository\node_modules\cnpm\bin;
USERNAME=HUAWEI
OS=Windows_NT
PROCESSOR_IDENTIFIER=Intel64 Family 6 Model 142 Stepping 12, GenuineIntel



---------------  S Y S T E M  ---------------

OS: Windows 10.0 , 64 bit Build 19041 (10.0.19041.1151)

CPU:total 8 (initial active 8) (4 cores per cpu, 2 threads per core) family 6 model 142 stepping 12, cmov, cx8, fxsr, mmx, sse, sse2, sse3, ssse3, sse4.1, sse4.2, popcnt, avx, avx2, aes, clmul, erms, 3dnowpref, lzcnt, ht, tsc, tscinvbit, bmi1, bmi2, adx

Memory: 4k page, physical 16607220k(736332k free), swap 27092976k(3576k free)

vm_info: Java HotSpot(TM) 64-Bit Server VM (25.281-b09) for windows-amd64 JRE (1.8.0_281-b09), built on Dec  9 2020 13:54:07 by "" with MS VC++ 15.9 (VS2017)

time: Tue Oct 19 10:29:23 2021
timezone: 中国标准时间
elapsed time: 15.178572 seconds (0d 0h 0m 15s)

